Using pre-set license
Built from '2020.3/staging' branch; Version is '2020.3.0f1 (c7b5465681fb) revision 13088070'; Using compiler version '192528614'; Build Type 'Release'
OS: 'Windows 10 Pro; OS build 22000.434; Version 2009; 64bit' Language: 'en' Physical Memory: 16333 MB
BatchMode: 1, IsHumanControllingUs: 0, StartBugReporterOnCrash: 0, Is64bit: 1, IsPro: 0

 COMMAND LINE ARGUMENTS:
E:\Unity\2020.3.0f1\Editor\Unity.exe
-adb2
-batchMode
-noUpm
-name
AssetImportWorker0
-projectPath
F:/NAS/GameDevRepos/VolcanoIsland-Starter
-logFile
Logs/AssetImportWorker0.log
-srvPort
53562
Successfully changed project path to: F:/NAS/GameDevRepos/VolcanoIsland-Starter
F:/NAS/GameDevRepos/VolcanoIsland-Starter
Using Asset Import Pipeline V2.
Refreshing native plugins compatible for Editor in 1160.07 ms, found 0 plugins.
Preloading 0 native plugins for Editor in 0.00 ms.
Initialize engine version: 2020.3.0f1 (c7b5465681fb)
[Subsystems] Discovering subsystems at path E:/Unity/2020.3.0f1/Editor/Data/Resources/UnitySubsystems
[Subsystems] Discovering subsystems at path F:/NAS/GameDevRepos/VolcanoIsland-Starter/Assets
GfxDevice: creating device client; threaded=0
Direct3D:
    Version:  Direct3D 11.0 [level 11.1]
    Renderer: NVIDIA GeForce GTX 1060 6GB (ID=0x1c03)
    Vendor:   
    VRAM:     6052 MB
    Driver:   30.0.14.7141
Initialize mono
Mono path[0] = 'E:/Unity/2020.3.0f1/Editor/Data/Managed'
Mono path[1] = 'E:/Unity/2020.3.0f1/Editor/Data/MonoBleedingEdge/lib/mono/unityjit'
Mono config path = 'E:/Unity/2020.3.0f1/Editor/Data/MonoBleedingEdge/etc'
Using monoOptions --debugger-agent=transport=dt_socket,embedding=1,server=y,suspend=n,address=127.0.0.1:56568
Begin MonoManager ReloadAssembly
Registering precompiled unity dll's ...
Register platform support module: E:/Unity/2020.3.0f1/Editor/Data/PlaybackEngines/WebGLSupport/UnityEditor.WebGL.Extensions.dll
Register platform support module: E:/Unity/2020.3.0f1/Editor/Data/PlaybackEngines/WindowsStandaloneSupport/UnityEditor.WindowsStandalone.Extensions.dll
Registered in 0.001790 seconds.
Native extension for WindowsStandalone target not found
Native extension for WebGL target not found
Refreshing native plugins compatible for Editor in 711.12 ms, found 0 plugins.
Preloading 0 native plugins for Editor in 0.00 ms.
Invoked RoslynAnalysisRunner static constructor.
RoslynAnalysisRunner will not be running.
RoslynAnalysisRunner has terminated.
Mono: successfully reloaded assembly
- Completed reload, in  7.255 seconds
Platform modules already initialized, skipping
Registering precompiled user dll's ...
Registered in 0.005454 seconds.
Begin MonoManager ReloadAssembly
Native extension for WindowsStandalone target not found
Native extension for WebGL target not found
Refreshing native plugins compatible for Editor in 188.46 ms, found 0 plugins.
Preloading 0 native plugins for Editor in 0.00 ms.
Invoked RoslynAnalysisRunner static constructor.
RoslynAnalysisRunner will not be running.
RoslynAnalysisRunner has terminated.
Mono: successfully reloaded assembly
- Completed reload, in  1.866 seconds
Platform modules already initialized, skipping
========================================================================
Worker process is ready to serve import requests
Shader 'Universal Render Pipeline/Particles/Lit': fallback shader 'Universal Render Pipeline/Particles/SimpleLit' not found
Shader 'Universal Render Pipeline/Particles/Lit': fallback shader 'Universal Render Pipeline/Particles/SimpleLit' not found
Launched and connected shader compiler UnityShaderCompiler.exe after 0.06 seconds
Refreshing native plugins compatible for Editor in 0.60 ms, found 0 plugins.
Preloading 0 native plugins for Editor in 0.00 ms.
Unloading 2417 Unused Serialized files (Serialized files now loaded: 0)
System memory in use before: 111.0 MB.
System memory in use after: 108.8 MB.

Unloading 45 unused Assets to reduce memory usage. Loaded Objects now: 2823.
Total: 3.212000 ms (FindLiveObjects: 0.233700 ms CreateObjectMapping: 0.132500 ms MarkObjects: 1.700100 ms  DeleteObjects: 1.144700 ms)

========================================================================
Received Import Request.
  path: Assets/Readme.asset
  artifactKey: Guid(83c2ed844a8c74b779a4c823d16594b1) Importer(815301076,1909f56bfc062723c751e8b465ee728b)
Start importing Assets/Readme.asset using Guid(83c2ed844a8c74b779a4c823d16594b1) Importer(815301076,1909f56bfc062723c751e8b465ee728b)  -> (artifact id: '565fba1a13f97c68b9c7f204361b9afd') in 0.658306 seconds
  Import took 0.681603 seconds .

========================================================================
Received Import Request.
  Time since last request: 71.269819 seconds.
  path: Assets/ExampleAssets
  artifactKey: Guid(990f5c2df70993f4987a388ca178996a) Importer(815301076,1909f56bfc062723c751e8b465ee728b)
Start importing Assets/ExampleAssets using Guid(990f5c2df70993f4987a388ca178996a) Importer(815301076,1909f56bfc062723c751e8b465ee728b)  -> (artifact id: '54e67b96d22055c43e52b10ee32d0134') in 0.007951 seconds
  Import took 0.012712 seconds .

========================================================================
Received Import Request.
  Time since last request: 0.000526 seconds.
  path: Assets/ExampleAssets
  artifactKey: Guid(990f5c2df70993f4987a388ca178996a) Importer(815301076,1909f56bfc062723c751e8b465ee728b)
Start importing Assets/ExampleAssets using Guid(990f5c2df70993f4987a388ca178996a) Importer(815301076,1909f56bfc062723c751e8b465ee728b)  -> (artifact id: '54e67b96d22055c43e52b10ee32d0134') in 0.003465 seconds
  Import took 0.009294 seconds .

========================================================================
Received Import Request.
  Time since last request: 6.002172 seconds.
  path: Assets/Materials
  artifactKey: Guid(d0234ba368eeec9418390da711bfdad0) Importer(815301076,1909f56bfc062723c751e8b465ee728b)
Start importing Assets/Materials using Guid(d0234ba368eeec9418390da711bfdad0) Importer(815301076,1909f56bfc062723c751e8b465ee728b)  -> (artifact id: 'af3059645bf3517e3864836cb7870e83') in 0.008437 seconds
  Import took 0.012738 seconds .

========================================================================
Received Prepare
Registering precompiled user dll's ...
Registered in 0.001727 seconds.
Begin MonoManager ReloadAssembly
Native extension for WindowsStandalone target not found
Native extension for WebGL target not found
Refreshing native plugins compatible for Editor in 0.36 ms, found 0 plugins.
Preloading 0 native plugins for Editor in 0.00 ms.
Invoked RoslynAnalysisRunner static constructor.
RoslynAnalysisRunner will not be running.
RoslynAnalysisRunner has terminated.
Mono: successfully reloaded assembly
- Completed reload, in  1.189 seconds
Platform modules already initialized, skipping
Switching render pipeline 19ba41d7c0026c3459d37c2fe90c55a0 -> 00000000000000000000000000000000
Shader 'Universal Render Pipeline/Particles/Lit': fallback shader 'Universal Render Pipeline/Particles/SimpleLit' not found
Shader 'Universal Render Pipeline/Particles/Lit': fallback shader 'Universal Render Pipeline/Particles/SimpleLit' not found
Refreshing native plugins compatible for Editor in 0.35 ms, found 0 plugins.
Preloading 0 native plugins for Editor in 0.00 ms.
Unloading 2339 Unused Serialized files (Serialized files now loaded: 0)
System memory in use before: 107.9 MB.
System memory in use after: 105.6 MB.

Unloading 42 unused Assets to reduce memory usage. Loaded Objects now: 2824.
Total: 3.486700 ms (FindLiveObjects: 0.251500 ms CreateObjectMapping: 0.115000 ms MarkObjects: 1.794800 ms  DeleteObjects: 1.324200 ms)

========================================================================
Received Import Request.
  Time since last request: 28.320696 seconds.
  path: Assets
  artifactKey: Guid(00000000000000001000000000000000) Importer(815301076,1909f56bfc062723c751e8b465ee728b)
Start importing Assets using Guid(00000000000000001000000000000000) Importer(815301076,1909f56bfc062723c751e8b465ee728b)  -> (artifact id: '42baae205c97e3337697759514652acd') in 0.150850 seconds
  Import took 0.165157 seconds .

========================================================================
Received Import Request.
  Time since last request: 1.605759 seconds.
  path: Assets
  artifactKey: Guid(00000000000000001000000000000000) Importer(815301076,1909f56bfc062723c751e8b465ee728b)
Start importing Assets using Guid(00000000000000001000000000000000) Importer(815301076,1909f56bfc062723c751e8b465ee728b)  -> (artifact id: '42baae205c97e3337697759514652acd') in 0.006503 seconds
  Import took 0.012484 seconds .

========================================================================
Received Import Request.
  Time since last request: 2.377815 seconds.
  path: Assets/Scenes
  artifactKey: Guid(a403a9b337f420c4d8eb93b6b9e6bd35) Importer(815301076,1909f56bfc062723c751e8b465ee728b)
Start importing Assets/Scenes using Guid(a403a9b337f420c4d8eb93b6b9e6bd35) Importer(815301076,1909f56bfc062723c751e8b465ee728b)  -> (artifact id: '98526705d3d4a3a63b7f704d7d58e9a1') in 0.015828 seconds
  Import took 0.021478 seconds .

========================================================================
Received Import Request.
  Time since last request: 6.136609 seconds.
  path: Assets/Sounds
  artifactKey: Guid(d776330499c1dd84aadcce1bed1dd32a) Importer(815301076,1909f56bfc062723c751e8b465ee728b)
Start importing Assets/Sounds using Guid(d776330499c1dd84aadcce1bed1dd32a) Importer(815301076,1909f56bfc062723c751e8b465ee728b)  -> (artifact id: '5895ba777d55327437cf91743f8bc7cd') in 0.009294 seconds
  Import took 0.015122 seconds .

========================================================================
Received Import Request.
  Time since last request: 6.122510 seconds.
  path: Assets/Sprites
  artifactKey: Guid(cedcdb946d56415478d249366b937cc4) Importer(815301076,1909f56bfc062723c751e8b465ee728b)
Start importing Assets/Sprites using Guid(cedcdb946d56415478d249366b937cc4) Importer(815301076,1909f56bfc062723c751e8b465ee728b)  -> (artifact id: '554b4bee38fc471828b1cfb5aa91d6ce') in 0.007705 seconds
  Import took 0.011467 seconds .

========================================================================
Received Import Request.
  Time since last request: 34.065620 seconds.
  path: Assets/Sprites/Background2.png
  artifactKey: Guid(0d7f878cd880a744abd752f9278319a2) Importer(815301076,1909f56bfc062723c751e8b465ee728b)
Start importing Assets/Sprites/Background2.png using Guid(0d7f878cd880a744abd752f9278319a2) Importer(815301076,1909f56bfc062723c751e8b465ee728b)  -> (artifact id: '3730b4d303af2512fa131ae9e5904949') in 0.212720 seconds
  Import took 0.219591 seconds .

========================================================================
Received Import Request.
  Time since last request: 0.000210 seconds.
  path: Assets/Sprites/Snowman3.tiff
  artifactKey: Guid(e2e617f61e9b24271b089327267296a5) Importer(815301076,1909f56bfc062723c751e8b465ee728b)
Start importing Assets/Sprites/Snowman3.tiff using Guid(e2e617f61e9b24271b089327267296a5) Importer(815301076,1909f56bfc062723c751e8b465ee728b)  -> (artifact id: '811064d72cb587db4606e164516d71db') in 0.023613 seconds
  Import took 0.028968 seconds .

========================================================================
Received Import Request.
  Time since last request: 0.000224 seconds.
  path: Assets/Sprites/Fireball.tiff
  artifactKey: Guid(00e34d3bcea304a77b547e93bbd8cf6a) Importer(815301076,1909f56bfc062723c751e8b465ee728b)
Start importing Assets/Sprites/Fireball.tiff using Guid(00e34d3bcea304a77b547e93bbd8cf6a) Importer(815301076,1909f56bfc062723c751e8b465ee728b)  -> (artifact id: '3be86404319406176b7b57e99fc1bdb2') in 0.021640 seconds
  Import took 0.026948 seconds .

========================================================================
Received Import Request.
  Time since last request: 0.000285 seconds.
  path: Assets/Sprites/MountainsClose.tiff
  artifactKey: Guid(a4855cc981ff24bfd85e863d7d4cdff8) Importer(815301076,1909f56bfc062723c751e8b465ee728b)
Start importing Assets/Sprites/MountainsClose.tiff using Guid(a4855cc981ff24bfd85e863d7d4cdff8) Importer(815301076,1909f56bfc062723c751e8b465ee728b)  -> (artifact id: '0adcd6047d9bf8ec67efb8dc85e02f03') in 0.040043 seconds
  Import took 0.044831 seconds .

========================================================================
Received Import Request.
  Time since last request: 0.000231 seconds.
  path: Assets/Sprites/Ground.tif
  artifactKey: Guid(cc694038eeb460746801c1966932f509) Importer(815301076,1909f56bfc062723c751e8b465ee728b)
Start importing Assets/Sprites/Ground.tif using Guid(cc694038eeb460746801c1966932f509) Importer(815301076,1909f56bfc062723c751e8b465ee728b)  -> (artifact id: '0f8889e547c62f8014d0d0687137c9f6') in 0.040440 seconds
  Import took 0.045522 seconds .

========================================================================
Received Import Request.
  Time since last request: 0.000198 seconds.
  path: Assets/Sprites/title.png
  artifactKey: Guid(4898a97a6454e4e9a886a6efdd0fa26f) Importer(815301076,1909f56bfc062723c751e8b465ee728b)
Start importing Assets/Sprites/title.png using Guid(4898a97a6454e4e9a886a6efdd0fa26f) Importer(815301076,1909f56bfc062723c751e8b465ee728b)  -> (artifact id: 'f7604187e6113daef37ee513303a1dfd') in 0.022785 seconds
  Import took 0.028781 seconds .

========================================================================
Received Import Request.
  Time since last request: 0.000224 seconds.
  path: Assets/Sprites/MountainsFar.tiff
  artifactKey: Guid(ff4730489d0d64ea48e5a9adb8bbbc68) Importer(815301076,1909f56bfc062723c751e8b465ee728b)
Start importing Assets/Sprites/MountainsFar.tiff using Guid(ff4730489d0d64ea48e5a9adb8bbbc68) Importer(815301076,1909f56bfc062723c751e8b465ee728b)  -> (artifact id: '4ef05564787da00a5f502cc8836387f0') in 0.034818 seconds
  Import took 0.042235 seconds .

========================================================================
Received Import Request.
  Time since last request: 0.000188 seconds.
  path: Assets/Sprites/Heart.tif
  artifactKey: Guid(25126a33a94c578498bab339fe968b88) Importer(815301076,1909f56bfc062723c751e8b465ee728b)
Start importing Assets/Sprites/Heart.tif using Guid(25126a33a94c578498bab339fe968b88) Importer(815301076,1909f56bfc062723c751e8b465ee728b)  -> (artifact id: 'd4f5d85eac204e21d8a43d9bdd0dc8fe') in 0.049935 seconds
  Import took 0.054853 seconds .

========================================================================
Received Import Request.
  Time since last request: 0.000182 seconds.
  path: Assets/Sprites/EnemiesNew.psd
  artifactKey: Guid(3f5e4ce75b20b4e87bd7a3faaf15552b) Importer(815301076,1909f56bfc062723c751e8b465ee728b)
Start importing Assets/Sprites/EnemiesNew.psd using Guid(3f5e4ce75b20b4e87bd7a3faaf15552b) Importer(815301076,1909f56bfc062723c751e8b465ee728b)  -> (artifact id: '4b4b6664514910eab8e82544571b9741') in 0.026079 seconds
  Import took 0.030546 seconds .

========================================================================
Received Import Request.
  Time since last request: 0.000178 seconds.
  path: Assets/Sprites/Clouds.tiff
  artifactKey: Guid(1239b762ebe17470e88537d9dd942322) Importer(815301076,1909f56bfc062723c751e8b465ee728b)
Start importing Assets/Sprites/Clouds.tiff using Guid(1239b762ebe17470e88537d9dd942322) Importer(815301076,1909f56bfc062723c751e8b465ee728b)  -> (artifact id: '7264dc12b1a25d421e6ff971558b1b42') in 0.034793 seconds
  Import took 0.048308 seconds .

========================================================================
Received Import Request.
  Time since last request: 0.000218 seconds.
  path: Assets/Sprites/Menu.png
  artifactKey: Guid(987f00ce8527f46798cc71e216de1440) Importer(815301076,1909f56bfc062723c751e8b465ee728b)
Start importing Assets/Sprites/Menu.png using Guid(987f00ce8527f46798cc71e216de1440) Importer(815301076,1909f56bfc062723c751e8b465ee728b)  -> (artifact id: '2d90eae71999ec9628615602295b881e') in 0.063252 seconds
  Import took 0.070905 seconds .

========================================================================
Received Import Request.
  Time since last request: 9.189367 seconds.
  path: Assets/Scenes/MainGame.unity
  artifactKey: Guid(ffda90961010edf46a279c65e72395d9) Importer(815301076,1909f56bfc062723c751e8b465ee728b)
Start importing Assets/Scenes/MainGame.unity using Guid(ffda90961010edf46a279c65e72395d9) Importer(815301076,1909f56bfc062723c751e8b465ee728b)  -> (artifact id: '34fbb72102d5fa2ccc0f2a12c8667ac8') in 0.018335 seconds
  Import took 0.025749 seconds .

AssetImportWorkerClient::OnTransportError - code=2 error=End of file
